/sbin/init auto noprompt ,0.2,0.4
[kthreadd] ,0.0,0.0
[ksoftirqd/0] ,0.0,0.0
[kworker/0:0H] ,0.0,0.0
[rcu_sched] ,0.0,0.0
[rcu_bh] ,0.0,0.0
[rcuos/0] ,0.0,0.0
[rcuob/0] ,0.0,0.1
[migration/0] ,0.0,0.0
[watchdog/0] ,0.0,0.0
[khelper] ,0.0,0.1
[kdevtmpfs] ,0.0,0.0
[netns] ,0.0,0.0
[perf] ,0.0,0.0
[khungtaskd] ,0.0,0.0
[writeback] ,0.0,0.0
[ksmd] ,0.0,0.0
[khugepaged] ,0.0,0.0
[crypto] ,0.0,0.0
[kintegrityd] ,0.0,0.0
[bioset] ,0.0,0.0
[kblockd] ,0.0,0.0
[ata_sff] ,0.0,0.0
[md] ,0.0,0.0
[devfreq_wq] ,0.0,0.0
[kswapd0] ,0.0,0.0
[vmstat] ,0.0,0.0
[fsnotify_mark] ,0.0,0.0
[ecryptfs-kthrea] ,0.0,0.0
[kthrotld] ,0.0,0.0
[acpi_thermal_pm] ,0.0,0.0
[scsi_eh_0] ,0.0,0.0
[scsi_tmf_0] ,0.0,0.0
[scsi_eh_1] ,0.0,0.0
[scsi_tmf_1] ,0.0,0.0
[ipv6_addrconf] ,0.0,0.0
[deferwq] ,0.0,0.0
[charger_manager] ,0.0,0.0
[mpt_poll_0] ,0.0,0.0
[mpt/0] ,0.0,0.0
[kpsmoused] ,0.0,0.0
[scsi_eh_2] ,0.0,0.0
[scsi_tmf_2] ,0.0,0.0
[scsi_eh_3] ,0.0,0.0
[scsi_tmf_3] ,0.0,0.0
[scsi_eh_4] ,0.0,0.0
[scsi_tmf_4] ,0.0,0.0
[scsi_eh_5] ,0.0,0.0
[scsi_tmf_5] ,0.0,0.0
[scsi_eh_6] ,0.0,0.0
[scsi_tmf_6] ,0.0,0.0
[scsi_eh_7] ,0.0,0.0
[scsi_tmf_7] ,0.0,0.0
[scsi_eh_8] ,0.0,0.0
[scsi_tmf_8] ,0.0,0.0
[scsi_eh_9] ,0.0,0.0
[scsi_tmf_9] ,0.0,0.0
[scsi_eh_10] ,0.0,0.0
[scsi_tmf_10] ,0.0,0.0
[scsi_eh_11] ,0.0,0.0
[scsi_tmf_11] ,0.0,0.0
[scsi_eh_12] ,0.0,0.0
[scsi_tmf_12] ,0.0,0.0
[scsi_eh_13] ,0.0,0.0
[scsi_tmf_13] ,0.0,0.0
[scsi_eh_14] ,0.0,0.0
[scsi_tmf_14] ,0.0,0.0
[scsi_eh_15] ,0.0,0.0
[scsi_tmf_15] ,0.0,0.0
[scsi_eh_16] ,0.0,0.0
[scsi_tmf_16] ,0.0,0.0
[scsi_eh_17] ,0.0,0.0
[scsi_tmf_17] ,0.0,0.0
[scsi_eh_18] ,0.0,0.0
[scsi_tmf_18] ,0.0,0.0
[scsi_eh_19] ,0.0,0.0
[scsi_tmf_19] ,0.0,0.0
[scsi_eh_20] ,0.0,0.0
[scsi_tmf_20] ,0.0,0.0
[scsi_eh_21] ,0.0,0.0
[scsi_tmf_21] ,0.0,0.0
[scsi_eh_22] ,0.0,0.0
[scsi_tmf_22] ,0.0,0.0
[scsi_eh_23] ,0.0,0.0
[scsi_tmf_23] ,0.0,0.0
[scsi_eh_24] ,0.0,0.0
[scsi_tmf_24] ,0.0,0.0
[scsi_eh_25] ,0.0,0.0
[scsi_tmf_25] ,0.0,0.0
[scsi_eh_26] ,0.0,0.0
[scsi_tmf_26] ,0.0,0.0
[scsi_eh_27] ,0.0,0.0
[scsi_tmf_27] ,0.0,0.0
[scsi_eh_28] ,0.0,0.0
[scsi_tmf_28] ,0.0,0.0
[scsi_eh_29] ,0.0,0.0
[scsi_tmf_29] ,0.0,0.0
[scsi_eh_30] ,0.0,0.0
[scsi_tmf_30] ,0.0,0.0
[scsi_eh_31] ,0.0,0.0
[scsi_tmf_31] ,0.0,0.0
[kworker/u256:28] ,0.0,0.0
[scsi_eh_32] ,0.0,0.0
[scsi_tmf_32] ,0.0,0.0
[ttm_swap] ,0.0,0.0
[kworker/0:1H] ,0.0,0.0
[jbd2/sda1-8] ,0.0,0.0
[ext4-rsv-conver] ,0.0,0.0
[kauditd] ,0.0,0.0
/lib/systemd/systemd-journald ,0.2,0.2
vmware-vmblock-fuse /run/vmblock-fuse -o rw subtype=vmware-vmblock default_permissions allow_other dev suid ,0.0,0.0
/lib/systemd/systemd-udevd ,0.3,0.3
/lib/systemd/systemd-timesyncd ,0.1,0.1
[kworker/u257:0] ,0.0,0.0
[hci0] ,0.0,0.0
[hci0] ,0.0,0.0
[kworker/u257:2] ,0.0,0.0
avahi-daemon: running [ubuntu-2.local] ,0.1,0.1
/usr/bin/dbus-daemon --system --address=systemd: --nofork --nopidfile --systemd-activation ,0.2,0.2
avahi-daemon: chroot helper ,0.0,0.0
/usr/sbin/rsyslogd -n ,0.1,0.1
/usr/lib/bluetooth/bluetoothd ,0.2,0.2
/sbin/cgmanager -m name=systemd ,0.1,0.1
/usr/bin/vmtoolsd ,0.5,0.5
/usr/sbin/cron -f ,0.1,0.1
/usr/lib/accountsservice/accounts-daemon ,0.4,0.4
/lib/systemd/systemd-logind ,0.1,0.1
/usr/sbin/cupsd -l ,0.3,0.3
/usr/sbin/cups-browsed ,0.4,0.4
/usr/bin/whoopsie -f ,0.6,0.6
/usr/sbin/thermald --no-daemon --dbus-enable ,0.4,0.4
/usr/sbin/ModemManager ,0.4,0.4
/usr/sbin/NetworkManager --no-daemon ,0.8,0.8
/sbin/agetty --noclear tty1 linux ,0.1,0.1
/usr/lib/policykit-1/polkitd --no-debug ,0.4,0.4
/usr/sbin/sshd -D ,0.2,0.2
/usr/lib/cups/notifier/dbus dbus:// ,0.2,0.2
/usr/lib/cups/notifier/dbus dbus:// ,0.2,0.2
/usr/lib/cups/notifier/dbus dbus:// ,0.2,0.2
/usr/lib/cups/notifier/dbus dbus:// ,0.2,0.2
/usr/lib/cups/notifier/dbus dbus:// ,0.2,0.2
/usr/lib/cups/notifier/dbus dbus:// ,0.2,0.2
/sbin/wpa_supplicant -u -s -O /run/wpa_supplicant ,0.2,0.2
/usr/sbin/dnsmasq --no-resolv --keep-in-foreground --no-hosts --bind-interfaces --pid-file=/run/sendsigs.omit.d/network-manager.dnsmasq.pid --listen-address=127.0.1.1 --conf-file=/var/run/NetworkManager/dnsmasq.conf --cache-size=0 --proxy-dnssec --enable-dbus=org.freedesktop.NetworkManager.dnsmasq --conf-dir=/etc/NetworkManager/dnsmasq.d ,0.1,0.1
/usr/sbin/kerneloops ,0.1,0.1
/usr/sbin/lightdm ,0.3,0.3
/usr/bin/X -core :0 -seat seat0 -auth /var/run/lightdm/root/:0 -nolisten tcp vt7 -novtswitch ,2.2,2.2
lightdm --session-child 12 19 ,0.3,0.3
/usr/lib/rtkit/rtkit-daemon ,0.1,0.1
[krfcommd] ,0.0,0.0
/usr/lib/upower/upowerd ,0.5,0.5
/usr/lib/colord/colord ,0.6,0.6
/lib/systemd/systemd --user ,0.2,0.2
(sd-pam) ,0.0,0.0
/usr/bin/gnome-keyring-daemon --daemonize --login ,0.4,0.4
/sbin/upstart --user ,0.2,0.2
dbus-daemon --fork --session --address=unix:abstract=/tmp/dbus-MYmazbqle7 ,0.2,0.2
/usr/lib/x86_64-linux-gnu/hud/window-stack-bridge ,0.4,0.4
upstart-udev-bridge --daemon --user ,0.0,0.0
/usr/bin/ibus-daemon --daemonize --xim ,0.3,0.3
/usr/lib/x86_64-linux-gnu/hud/hud-service ,1.7,1.7
/usr/lib/unity-settings-daemon/unity-settings-daemon ,1.4,1.4
upstart-dbus-bridge --daemon --session --user --bus-name session ,0.0,0.0
upstart-dbus-bridge --daemon --system --user --bus-name system ,0.0,0.0
/usr/lib/at-spi2-core/at-spi-bus-launcher --launch-immediately ,0.2,0.2
gnome-session --session=ubuntu ,0.6,0.6
upstart-file-bridge --daemon --user ,0.0,0.0
/usr/lib/unity/unity-panel-service ,1.3,1.3
/usr/bin/dbus-daemon --config-file=/etc/at-spi2/accessibility.conf --nofork --print-address 3 ,0.2,0.2
/usr/lib/at-spi2-core/at-spi2-registryd --use-gnome-session ,0.2,0.2
compiz ,4.8,4.8
/usr/lib/gvfs/gvfsd ,0.2,0.2
/usr/lib/gvfs/gvfsd-fuse /run/user/1000/gvfs -f -o big_writes ,0.2,0.2
/usr/lib/ibus/ibus-dconf ,0.2,0.2
/usr/lib/ibus/ibus-ui-gtk3 ,1.4,1.4
/usr/lib/ibus/ibus-x11 --kill-daemon ,0.6,0.6
/usr/lib/x86_64-linux-gnu/bamf/bamfdaemon ,1.1,1.1
/usr/lib/ibus/ibus-engine-simple ,0.2,0.2
/usr/lib/dconf/dconf-service ,0.2,0.2
/usr/bin/pulseaudio --start --log-target=syslog ,0.5,0.5
/usr/lib/x86_64-linux-gnu/indicator-messages/indicator-messages-service ,0.8,0.8
/usr/lib/x86_64-linux-gnu/indicator-bluetooth/indicator-bluetooth-service ,0.2,0.2
/usr/lib/x86_64-linux-gnu/indicator-power/indicator-power-service ,0.3,0.3
/usr/lib/x86_64-linux-gnu/indicator-datetime/indicator-datetime-service ,0.9,0.9
/usr/lib/x86_64-linux-gnu/indicator-keyboard/indicator-keyboard-service --use-gtk ,1.1,1.1
/usr/lib/x86_64-linux-gnu/indicator-sound/indicator-sound-service ,1.2,1.2
/usr/lib/x86_64-linux-gnu/indicator-printers/indicator-printers-service ,1.2,1.2
/usr/lib/x86_64-linux-gnu/indicator-session/indicator-session-service ,0.5,0.5
/usr/lib/x86_64-linux-gnu/indicator-application/indicator-application-service ,0.5,0.5
/usr/lib/evolution/evolution-source-registry ,1.4,1.4
nautilus -n ,2.2,2.2
/usr/lib/policykit-1-gnome/polkit-gnome-authentication-agent-1 ,0.9,0.9
nm-applet ,1.6,1.6
/usr/bin/vmtoolsd -n vmusr --blockFd 3 ,1.2,1.2
/usr/lib/unity-settings-daemon/unity-fallback-mount-helper ,1.0,1.0
/usr/lib/x86_64-linux-gnu/gconf/gconfd-2 ,0.3,0.3
/usr/lib/gvfs/gvfs-udisks2-volume-monitor ,0.3,0.3
/usr/lib/udisks2/udisksd --no-debug ,0.4,0.4
/usr/lib/gvfs/gvfs-afc-volume-monitor ,0.4,0.4
/usr/lib/gvfs/gvfs-gphoto2-volume-monitor ,0.2,0.2
/usr/lib/gvfs/gvfs-mtp-volume-monitor ,0.2,0.2
/usr/lib/evolution/evolution-calendar-factory ,2.9,2.9
/usr/lib/gvfs/gvfsd-burn --spawner :1.7 /org/gtk/gvfs/exec_spaw/0 ,0.3,0.3
/usr/lib/gvfs/gvfsd-trash --spawner :1.7 /org/gtk/gvfs/exec_spaw/1 ,0.4,0.4
/usr/lib/gvfs/gvfsd-metadata ,0.2,0.2
/usr/lib/evolution/evolution-calendar-factory-subprocess --factory contacts --bus-name org.gnome.evolution.dataserver.Subprocess.Backend.Calendarx1748x2 --own-path /org/gnome/evolution/dataserver/Subprocess/Backend/Calendar/1748/2 ,0.8,0.8
/usr/lib/evolution/evolution-calendar-factory-subprocess --factory local --bus-name org.gnome.evolution.dataserver.Subprocess.Backend.Calendarx1748x3 --own-path /org/gnome/evolution/dataserver/Subprocess/Backend/Calendar/1748/3 ,0.9,0.9
/usr/lib/evolution/evolution-addressbook-factory ,0.9,0.9
telepathy-indicator ,1.1,1.1
/usr/lib/evolution/evolution-addressbook-factory-subprocess --factory local --bus-name org.gnome.evolution.dataserver.Subprocess.Backend.AddressBookx1811x2 --own-path /org/gnome/evolution/dataserver/Subprocess/Backend/AddressBook/1811/2 ,0.9,0.9
/usr/lib/telepathy/mission-control-5 ,0.6,0.6
zeitgeist-datahub ,0.8,0.8
/usr/bin/zeitgeist-daemon ,0.3,0.3
/usr/lib/x86_64-linux-gnu/zeitgeist-fts ,0.7,0.7
update-notifier ,1.4,1.4
/usr/lib/x86_64-linux-gnu/deja-dup/deja-dup-monitor ,0.3,0.3
/usr/lib/gnome-terminal/gnome-terminal-server ,1.6,1.6
gnome-pty-helper ,0.0,0.0
bash ,0.2,0.2
/usr/lib/unity/unity-panel-service --lockscreen-mode ,1.3,1.3
[kworker/0:0] ,0.0,0.0
[kworker/0:1] ,0.0,0.0
[kworker/u256:0] ,0.0,0.0
/usr/lib/x86_64-linux-gnu/notify-osd ,1.4,1.4
/sbin/dhclient -d -q -sf /usr/lib/NetworkManager/nm-dhcp-helper -pf /run/sendsigs.omit.d/network-manager.dhclient-eno16777736.pid -lf /var/lib/NetworkManager/dhclient-028ca4b8-b308-4095-9232-d5acf5cabb3c-eno16777736.lease -cf /var/lib/NetworkManager/dhclient-eno16777736.conf eno16777736 ,0.4,0.4
[kworker/0:2] ,0.0,0.0
sshd: navalk [priv] ,0.3,0.3
sshd: navalk@pts/12 ,0.2,0.2
-bash ,0.2,0.2
ps -aux ,0.1,0.1
sed s/\s\+/ /g ,0.0,0.0
