/sbin/init ,0.3,0.3
[kthreadd] ,0.0,0.9
[ksoftirqd/0] ,0.0,0.0
[kworker/0:0H] ,0.0,0.0
[rcu_sched] ,0.0,0.0
[rcu_bh] ,0.0,0.0
[migration/0] ,0.0,0.0
[watchdog/0] ,0.0,0.0
[khelper] ,0.0,0.0
[kdevtmpfs] ,0.0,0.0
[netns] ,0.0,0.0
[perf] ,0.0,0.0
[khungtaskd] ,0.0,0.0
[writeback] ,0.0,0.0
[ksmd] ,0.0,0.0
[khugepaged] ,0.0,0.0
[crypto] ,0.0,0.0
[kintegrityd] ,0.0,0.0
[bioset] ,0.0,0.0
[kblockd] ,0.0,0.0
[ata_sff] ,0.0,0.0
[md] ,0.0,0.0
[devfreq_wq] ,0.0,0.0
[kswapd0] ,0.0,0.0
[fsnotify_mark] ,0.0,0.0
[ecryptfs-kthrea] ,0.0,0.0
[kthrotld] ,0.0,0.0
[acpi_thermal_pm] ,0.0,0.0
[scsi_eh_0] ,0.0,0.0
[scsi_tmf_0] ,0.0,0.0
[scsi_eh_1] ,0.0,0.0
[scsi_tmf_1] ,0.0,0.0
[ipv6_addrconf] ,0.0,0.0
[kworker/0:2] ,0.0,0.0
[deferwq] ,0.0,0.0
[charger_manager] ,0.0,0.0
[kpsmoused] ,0.0,0.0
[mpt_poll_0] ,0.0,0.0
[scsi_eh_2] ,0.0,0.0
[mpt/0] ,0.0,0.0
[scsi_tmf_2] ,0.0,0.0
[scsi_eh_3] ,0.0,0.0
[scsi_tmf_3] ,0.0,0.0
[scsi_eh_4] ,0.0,0.0
[scsi_tmf_4] ,0.0,0.0
[scsi_eh_5] ,0.0,0.0
[scsi_tmf_5] ,0.0,0.0
[scsi_eh_6] ,0.0,0.0
[scsi_tmf_6] ,0.0,0.0
[scsi_eh_7] ,0.0,0.0
[scsi_tmf_7] ,0.0,0.0
[scsi_eh_8] ,0.0,0.0
[scsi_tmf_8] ,0.0,0.0
[scsi_eh_9] ,0.0,0.0
[scsi_tmf_9] ,0.0,0.0
[scsi_eh_10] ,0.0,0.0
[scsi_tmf_10] ,0.0,0.0
[scsi_eh_11] ,0.0,0.0
[scsi_tmf_11] ,0.0,0.0
[scsi_eh_12] ,0.0,0.0
[scsi_tmf_12] ,0.0,0.0
[scsi_eh_13] ,0.0,0.0
[scsi_tmf_13] ,0.0,0.0
[scsi_eh_14] ,0.0,0.0
[scsi_tmf_14] ,0.0,0.0
[scsi_eh_15] ,0.0,0.0
[scsi_tmf_15] ,0.0,0.0
[scsi_eh_16] ,0.0,0.0
[scsi_tmf_16] ,0.0,0.0
[scsi_eh_17] ,0.0,0.0
[scsi_tmf_17] ,0.0,0.0
[scsi_eh_18] ,0.0,0.0
[scsi_tmf_18] ,0.0,0.0
[scsi_eh_19] ,0.0,0.0
[scsi_tmf_19] ,0.0,0.0
[scsi_eh_20] ,0.0,0.0
[scsi_tmf_20] ,0.0,0.0
[scsi_eh_21] ,0.0,0.0
[scsi_tmf_21] ,0.0,0.0
[scsi_eh_22] ,0.0,0.0
[scsi_tmf_22] ,0.0,0.0
[scsi_eh_23] ,0.0,0.0
[scsi_tmf_23] ,0.0,0.0
[scsi_eh_24] ,0.0,0.0
[scsi_tmf_24] ,0.0,0.0
[scsi_eh_25] ,0.0,0.0
[scsi_tmf_25] ,0.0,0.0
[scsi_eh_26] ,0.0,0.0
[scsi_tmf_26] ,0.0,0.0
[scsi_eh_27] ,0.0,0.0
[scsi_tmf_27] ,0.0,0.0
[scsi_eh_28] ,0.0,0.0
[scsi_tmf_28] ,0.0,0.0
[scsi_eh_29] ,0.0,0.0
[scsi_tmf_29] ,0.0,0.0
[scsi_eh_30] ,0.0,0.0
[scsi_tmf_30] ,0.0,0.0
[scsi_eh_31] ,0.0,0.0
[scsi_tmf_31] ,0.0,0.0
[kworker/u16:31] ,0.0,0.0
[scsi_eh_32] ,0.0,0.0
[scsi_tmf_32] ,0.0,0.0
[kworker/0:1H] ,0.0,0.0
[jbd2/sda1-8] ,0.0,0.0
[ext4-rsv-conver] ,0.0,0.0
upstart-udev-bridge --daemon ,0.1,0.1
/lib/systemd/systemd-udevd --daemon ,0.3,0.3
dbus-daemon --system --fork ,0.3,0.3
/usr/sbin/bluetoothd ,0.3,0.3
/lib/systemd/systemd-logind ,0.3,0.3
rsyslogd ,0.2,0.2
[krfcommd] ,0.0,0.0
avahi-daemon: running [ubuntu.local] ,0.2,0.2
avahi-daemon: chroot helper ,0.0,0.0
[kworker/u17:0] ,0.0,0.0
[hci0] ,0.0,0.0
[hci0] ,0.0,0.0
[kworker/u17:2] ,0.0,0.0
[ttm_swap] ,0.0,0.0
upstart-file-bridge --daemon ,0.1,0.1
/usr/sbin/ModemManager ,1.0,1.0
NetworkManager ,0.9,0.9
/usr/lib/policykit-1/polkitd --no-debug ,0.6,0.6
upstart-socket-bridge --daemon ,0.1,0.1
/sbin/getty -8 38400 tty4 ,0.1,0.1
/sbin/getty -8 38400 tty5 ,0.1,0.1
thermald --no-daemon --dbus-enable ,0.6,0.6
/sbin/getty -8 38400 tty2 ,0.1,0.1
/sbin/getty -8 38400 tty3 ,0.1,0.1
/sbin/getty -8 38400 tty6 ,0.1,0.1
/usr/sbin/sshd -D ,0.4,0.4
cron ,0.2,0.2
/usr/sbin/cups-browsed ,0.4,0.4
/usr/sbin/kerneloops ,0.0,0.0
acpid -c /etc/acpi/events -s /var/run/acpid.socket ,0.1,0.1
whoopsie ,1.0,1.0
/usr/sbin/dnsmasq --no-resolv --keep-in-foreground --no-hosts --bind-interfaces --pid-file=/run/sendsigs.omit.d/network-manager.dnsmasq.pid --listen-address=127.0.1.1 --conf-file=/var/run/NetworkManager/dnsmasq.conf --cache-size=0 --proxy-dnssec --enable-dbus=org.freedesktop.NetworkManager.dnsmasq --conf-dir=/etc/NetworkManager/dnsmasq.d ,0.2,0.2
/usr/bin/vmtoolsd ,0.6,0.6
/sbin/getty -8 38400 tty1 ,0.1,0.1
lightdm ,0.7,0.7
/usr/bin/X -core :0 -seat seat0 -auth /var/run/lightdm/root/:0 -nolisten tcp vt7 -novtswitch ,9.1,9.1
/usr/lib/accountsservice/accounts-daemon ,0.8,0.8
[kauditd] ,0.0,0.0
lightdm --session-child 12 19 ,0.6,0.6
/usr/lib/upower/upowerd ,0.8,0.8
/usr/lib/rtkit/rtkit-daemon ,0.2,0.2
/usr/lib/colord/colord ,1.1,1.1
/usr/sbin/cupsd -f ,0.5,0.5
/usr/lib/cups/notifier/dbus dbus:// ,0.3,0.3
/usr/bin/gnome-keyring-daemon --daemonize --login ,0.6,0.6
init --user ,0.3,0.3
dbus-daemon --fork --session --address=unix:abstract=/tmp/dbus-H7tYstcbEM ,0.2,0.2
upstart-event-bridge ,0.1,0.1
/usr/lib/i386-linux-gnu/hud/window-stack-bridge ,0.7,0.7
/usr/bin/ibus-daemon --daemonize --xim ,1.0,1.0
upstart-dbus-bridge --daemon --session --user --bus-name session ,0.0,0.0
upstart-dbus-bridge --daemon --system --user --bus-name system ,0.0,0.0
upstart-file-bridge --daemon --user ,0.0,0.0
/usr/lib/unity-settings-daemon/unity-settings-daemon ,2.3,2.3
/usr/lib/i386-linux-gnu/hud/hud-service ,3.0,3.0
gnome-session --session=ubuntu ,2.0,2.0
/usr/lib/at-spi2-core/at-spi-bus-launcher ,0.5,0.5
/usr/lib/unity/unity-panel-service ,2.3,2.3
/bin/dbus-daemon --config-file=/etc/at-spi2/accessibility.conf --nofork --print-address 3 ,0.3,0.3
/usr/lib/at-spi2-core/at-spi2-registryd --use-gnome-session ,0.4,0.4
/usr/lib/gvfs/gvfsd ,0.5,0.5
/usr/lib/gvfs/gvfsd-fuse /run/user/1000/gvfs -f -o big_writes ,0.8,0.8
/usr/lib/i386-linux-gnu/bamf/bamfdaemon ,1.7,1.7
/usr/lib/ibus/ibus-dconf ,0.5,0.5
/usr/lib/ibus/ibus-ui-gtk3 ,2.2,2.2
/usr/lib/ibus/ibus-x11 --kill-daemon ,1.4,1.4
/usr/lib/ibus/ibus-engine-simple ,0.5,0.5
/usr/lib/i386-linux-gnu/indicator-keyboard-service --use-gtk ,1.9,1.9
/usr/lib/i386-linux-gnu/indicator-messages/indicator-messages-service ,0.6,0.6
/usr/lib/i386-linux-gnu/indicator-bluetooth/indicator-bluetooth-service ,0.7,0.7
/usr/lib/i386-linux-gnu/indicator-power/indicator-power-service ,0.5,0.5
/usr/lib/i386-linux-gnu/indicator-datetime/indicator-datetime-service ,1.7,1.7
/usr/lib/i386-linux-gnu/indicator-sound/indicator-sound-service ,1.4,1.4
/usr/lib/i386-linux-gnu/indicator-printers/indicator-printers-service ,1.7,1.7
/usr/lib/i386-linux-gnu/indicator-session/indicator-session-service ,0.7,0.7
/usr/lib/i386-linux-gnu/indicator-application/indicator-application-service ,0.7,0.7
/usr/bin/pulseaudio --start --log-target=syslog ,0.8,0.8
/usr/lib/evolution/evolution-source-registry ,1.4,1.4
/usr/lib/dconf/dconf-service ,0.4,0.4
/usr/lib/i386-linux-gnu/notify-osd ,2.5,2.5
compiz ,8.3,8.3
/usr/lib/evolution/evolution-calendar-factory ,3.7,3.7
nautilus -n ,4.7,4.7
nm-applet ,2.5,2.5
/usr/bin/vmtoolsd -n vmusr ,2.1,2.1
/usr/lib/unity-settings-daemon/unity-fallback-mount-helper ,1.9,1.9
/usr/lib/policykit-1-gnome/polkit-gnome-authentication-agent-1 ,1.7,1.7
/usr/lib/i386-linux-gnu/gconf/gconfd-2 ,0.5,0.5
/usr/lib/gvfs/gvfs-udisks2-volume-monitor ,0.6,0.6
/usr/lib/udisks2/udisksd --no-debug ,0.6,0.6
/usr/lib/gvfs/gvfs-mtp-volume-monitor ,0.6,0.6
/usr/lib/gvfs/gvfs-gphoto2-volume-monitor ,0.5,0.5
/usr/lib/gvfs/gvfs-afc-volume-monitor ,0.5,0.5
/usr/lib/gvfs/gvfsd-burn --spawner :1.9 /org/gtk/gvfs/exec_spaw/0 ,0.4,0.4
/usr/lib/gvfs/gvfsd-trash --spawner :1.9 /org/gtk/gvfs/exec_spaw/1 ,0.5,0.5
telepathy-indicator ,1.6,1.6
/usr/lib/telepathy/mission-control-5 ,1.3,1.3
zeitgeist-datahub ,1.0,1.0
/usr/bin/zeitgeist-daemon ,0.6,0.6
/usr/lib/i386-linux-gnu/zeitgeist-fts ,1.4,1.4
/bin/cat ,0.0,0.0
update-notifier ,1.8,1.8
/usr/lib/i386-linux-gnu/deja-dup/deja-dup-monitor ,0.6,0.6
gnome-terminal ,2.5,2.5
gnome-pty-helper ,0.1,0.1
bash ,0.4,0.4
[kworker/0:1] ,0.0,0.0
/usr/lib/unity/unity-panel-service --lockscreen-mode ,2.0,2.0
[kworker/u16:0] ,0.0,0.0
/sbin/dhclient -d -sf /usr/lib/NetworkManager/nm-dhcp-client.action -pf /run/sendsigs.omit.d/network-manager.dhclient-eth0.pid -lf /var/lib/NetworkManager/dhclient-1061a18f-2f3b-4a20-b287-c3410ac9d643-eth0.lease -cf /var/lib/NetworkManager/dhclient-eth0.conf eth0 ,0.4,0.4
sshd: naval [priv] ,0.5,0.5
sshd: naval@pts/23 ,0.3,0.3
-bash ,0.4,0.4
ps -aux ,0.2,0.2
sed s/\s\+/ /g ,0.1,0.1
