/sbin/init auto noprompt
[kthreadd]
[ksoftirqd/0]
[kworker/0:0H]
[rcu_sched]
[rcu_bh]
[rcuos/0]
[rcuob/0]
[migration/0]
[watchdog/0]
[khelper]
[kdevtmpfs]
[netns]
[perf]
[khungtaskd]
[writeback]
[ksmd]
[khugepaged]
[crypto]
[kintegrityd]
[bioset]
[kblockd]
[ata_sff]
[md]
[devfreq_wq]
[kswapd0]
[vmstat]
[fsnotify_mark]
[ecryptfs-kthrea]
[kthrotld]
[acpi_thermal_pm]
[scsi_eh_0]
[scsi_tmf_0]
[scsi_eh_1]
[scsi_tmf_1]
[ipv6_addrconf]
[deferwq]
[charger_manager]
[mpt_poll_0]
[mpt/0]
[kpsmoused]
[scsi_eh_2]
[scsi_tmf_2]
[scsi_eh_3]
[scsi_tmf_3]
[scsi_eh_4]
[scsi_tmf_4]
[scsi_eh_5]
[scsi_tmf_5]
[scsi_eh_6]
[scsi_tmf_6]
[scsi_eh_7]
[scsi_tmf_7]
[scsi_eh_8]
[scsi_tmf_8]
[scsi_eh_9]
[scsi_tmf_9]
[scsi_eh_10]
[scsi_tmf_10]
[scsi_eh_11]
[scsi_tmf_11]
[scsi_eh_12]
[scsi_tmf_12]
[scsi_eh_13]
[scsi_tmf_13]
[scsi_eh_14]
[scsi_tmf_14]
[scsi_eh_15]
[scsi_tmf_15]
[scsi_eh_16]
[scsi_tmf_16]
[scsi_eh_17]
[scsi_tmf_17]
[scsi_eh_18]
[scsi_tmf_18]
[scsi_eh_19]
[scsi_tmf_19]
[scsi_eh_20]
[scsi_tmf_20]
[scsi_eh_21]
[scsi_tmf_21]
[scsi_eh_22]
[scsi_tmf_22]
[scsi_eh_23]
[scsi_tmf_23]
[scsi_eh_24]
[scsi_tmf_24]
[scsi_eh_25]
[scsi_tmf_25]
[scsi_eh_26]
[scsi_tmf_26]
[scsi_eh_27]
[scsi_tmf_27]
[scsi_eh_28]
[scsi_tmf_28]
[scsi_eh_29]
[scsi_tmf_29]
[scsi_eh_30]
[scsi_tmf_30]
[scsi_eh_31]
[scsi_tmf_31]
[kworker/u256:28]
[scsi_eh_32]
[scsi_tmf_32]
[ttm_swap]
[kworker/0:1H]
[jbd2/sda1-8]
[ext4-rsv-conver]
[kauditd]
/lib/systemd/systemd-journald
vmware-vmblock-fuse /run/vmblock-fuse -o rw subtype=vmware-vmblock default_permissions allow_other dev suid /lib/systemd/systemd-udevd /lib/systemd/systemd-timesyncd [kworker/u257:0] [hci0] [hci0] [kworker/u257:2]
avahi-daemon: running [ubuntu-2.local]
/usr/bin/dbus-daemon --system --address=systemd: --nofork --nopidfile --systemd-activation
avahi-daemon: chroot helper
/usr/sbin/rsyslogd -n
/usr/lib/bluetooth/bluetoothd
/sbin/cgmanager -m name=systemd
/usr/bin/vmtoolsd
/usr/sbin/cron -f
/usr/lib/accountsservice/accounts-daemon
/lib/systemd/systemd-logind
/usr/sbin/cupsd -l
/usr/sbin/cups-browsed
/usr/bin/whoopsie -f
/usr/sbin/thermald --no-daemon --dbus-enable /usr/sbin/ModemManager /usr/sbin/NetworkManager --no-daemon /sbin/agetty --noclear tty1 linux /usr/lib/policykit-1/polkitd --no-debug /usr/sbin/sshd -D /usr/lib/cups/notifier/dbus dbus:// /usr/lib/cups/notifier/dbus dbus:// /usr/lib/cups/notifier/dbus dbus:// /usr/lib/cups/notifier/dbus dbus:// /usr/lib/cups/notifier/dbus dbus:// /usr/lib/cups/notifier/dbus dbus:// /sbin/wpa_supplicant -u -s -O /run/wpa_supplicant /usr/sbin/dnsmasq --no-resolv --keep-in-foreground --no-hosts --bind-interfaces --pid-file=/run/sendsigs.omit.d/network-manager.dnsmasq.pid --listen-address=127.0.1.1 --conf-file=/var/run/NetworkManager/dnsmasq.conf --cache-size=0 --proxy-dnssec --enable-dbus=org.freedesktop.NetworkManager.dnsmasq --conf-dir=/etc/NetworkManager/dnsmasq.d
/usr/sbin/kerneloops
/usr/sbin/lightdm
/usr/bin/X -core :0 -seat seat0 -auth /var/run/lightdm/root/:0 -nolisten tcp vt7 -novtswitch lightdm --session-child 12 19 /usr/lib/rtkit/rtkit-daemon [krfcommd] /usr/lib/upower/upowerd /usr/lib/colord/colord /lib/systemd/systemd --user
(sd-pam)
/usr/bin/gnome-keyring-daemon --daemonize --login /sbin/upstart --user dbus-daemon --fork --session --address=unix:abstract=/tmp/dbus-MYmazbqle7
/usr/lib/x86_64-linux-gnu/hud/window-stack-bridge
upstart-udev-bridge --daemon --user
/usr/bin/ibus-daemon --daemonize --xim
/usr/lib/x86_64-linux-gnu/hud/hud-service
/usr/lib/unity-settings-daemon/unity-settings-daemon
upstart-dbus-bridge --daemon --session --user --bus-name session upstart-dbus-bridge --daemon --system --user --bus-name system /usr/lib/at-spi2-core/at-spi-bus-launcher --launch-immediately gnome-session --session=ubuntu upstart-file-bridge --daemon --user /usr/lib/unity/unity-panel-service
/usr/bin/dbus-daemon --config-file=/etc/at-spi2/accessibility.conf --nofork --print-address 3 /usr/lib/at-spi2-core/at-spi2-registryd --use-gnome-session compiz /usr/lib/gvfs/gvfsd /usr/lib/gvfs/gvfsd-fuse /run/user/1000/gvfs -f -o big_writes /usr/lib/ibus/ibus-dconf
/usr/lib/ibus/ibus-ui-gtk3
/usr/lib/ibus/ibus-x11 --kill-daemon
/usr/lib/x86_64-linux-gnu/bamf/bamfdaemon
/usr/lib/ibus/ibus-engine-simple
/usr/lib/dconf/dconf-service
/usr/bin/pulseaudio --start --log-target=syslog /usr/lib/x86_64-linux-gnu/indicator-messages/indicator-messages-service
/usr/lib/x86_64-linux-gnu/indicator-bluetooth/indicator-bluetooth-service
/usr/lib/x86_64-linux-gnu/indicator-power/indicator-power-service
/usr/lib/x86_64-linux-gnu/indicator-datetime/indicator-datetime-service
/usr/lib/x86_64-linux-gnu/indicator-keyboard/indicator-keyboard-service --use-gtk /usr/lib/x86_64-linux-gnu/indicator-sound/indicator-sound-service
/usr/lib/x86_64-linux-gnu/indicator-printers/indicator-printers-service
/usr/lib/x86_64-linux-gnu/indicator-session/indicator-session-service
/usr/lib/x86_64-linux-gnu/indicator-application/indicator-application-service
/usr/lib/evolution/evolution-source-registry
nautilus -n
/usr/lib/policykit-1-gnome/polkit-gnome-authentication-agent-1
nm-applet
/usr/bin/vmtoolsd -n vmusr --blockFd 3
/usr/lib/unity-settings-daemon/unity-fallback-mount-helper
/usr/lib/x86_64-linux-gnu/gconf/gconfd-2
/usr/lib/gvfs/gvfs-udisks2-volume-monitor
/usr/lib/udisks2/udisksd --no-debug
/usr/lib/gvfs/gvfs-afc-volume-monitor
/usr/lib/gvfs/gvfs-gphoto2-volume-monitor
/usr/lib/gvfs/gvfs-mtp-volume-monitor
/usr/lib/evolution/evolution-calendar-factory
/usr/lib/gvfs/gvfsd-burn --spawner :1.7 /org/gtk/gvfs/exec_spaw/0 /usr/lib/gvfs/gvfsd-trash --spawner :1.7 /org/gtk/gvfs/exec_spaw/1 /usr/lib/gvfs/gvfsd-metadata /usr/lib/evolution/evolution-calendar-factory-subprocess --factory contacts --bus-name org.gnome.evolution.dataserver.Subprocess.Backend.Calendarx1748x2 --own-path /org/gnome/evolution/dataserver/Subprocess/Backend/Calendar/1748/2
/usr/lib/evolution/evolution-calendar-factory-subprocess --factory local --bus-name org.gnome.evolution.dataserver.Subprocess.Backend.Calendarx1748x3 --own-path /org/gnome/evolution/dataserver/Subprocess/Backend/Calendar/1748/3
/usr/lib/evolution/evolution-addressbook-factory
telepathy-indicator
/usr/lib/evolution/evolution-addressbook-factory-subprocess --factory local --bus-name org.gnome.evolution.dataserver.Subprocess.Backend.AddressBookx1811x2 --own-path /org/gnome/evolution/dataserver/Subprocess/Backend/AddressBook/1811/2
/usr/lib/telepathy/mission-control-5
zeitgeist-datahub
/usr/bin/zeitgeist-daemon
/usr/lib/x86_64-linux-gnu/zeitgeist-fts
update-notifier
/usr/lib/x86_64-linux-gnu/deja-dup/deja-dup-monitor
/usr/lib/gnome-terminal/gnome-terminal-server
gnome-pty-helper
bash
/usr/lib/unity/unity-panel-service --lockscreen-mode [kworker/0:0] [kworker/0:1] [kworker/u256:0] /usr/lib/x86_64-linux-gnu/notify-osd
/sbin/dhclient -d -q -sf /usr/lib/NetworkManager/nm-dhcp-helper -pf /run/sendsigs.omit.d/network-manager.dhclient-eno16777736.pid -lf /var/lib/NetworkManager/dhclient-028ca4b8-b308-4095-9232-d5acf5cabb3c-eno16777736.lease -cf /var/lib/NetworkManager/dhclient-eno16777736.conf eno16777736 [kworker/0:2]
sshd: navalk [priv]
sshd: navalk@pts/12
-bash
ps -aux
sed s/\s\+/ /g 
/sbin/init auto noprompt 
[kthreadd] 
[ksoftirqd/0] 
[kworker/0:0H] 
[rcu_sched] 
[rcu_bh] 
[rcuos/0] 
[rcuob/0] 
[migration/0] 
[watchdog/0] 
[khelper] 
[kdevtmpfs] 
[netns] 
[perf] 
[khungtaskd] 
[writeback] 
[ksmd] 
[khugepaged] 
[crypto] 
[kintegrityd] 
[bioset] 
[kblockd] 
[ata_sff] 
[md] 
[devfreq_wq] 
[kswapd0] 
[vmstat] 
[fsnotify_mark] 
[ecryptfs-kthrea] 
[kthrotld] 
[acpi_thermal_pm] 
[scsi_eh_0] 
[scsi_tmf_0] 
[scsi_eh_1] 
[scsi_tmf_1] 
[ipv6_addrconf] 
[deferwq] 
[charger_manager] 
[mpt_poll_0] 
[mpt/0] 
[kpsmoused] 
[scsi_eh_2] 
[scsi_tmf_2] 
[scsi_eh_3] 
[scsi_tmf_3] 
[scsi_eh_4] 
[scsi_tmf_4] 
[scsi_eh_5] 
[scsi_tmf_5] 
[scsi_eh_6] 
[scsi_tmf_6] 
[scsi_eh_7] 
[scsi_tmf_7] 
[scsi_eh_8] 
[scsi_tmf_8] 
[scsi_eh_9] 
[scsi_tmf_9] 
[scsi_eh_10] 
[scsi_tmf_10] 
[scsi_eh_11] 
[scsi_tmf_11] 
[scsi_eh_12] 
[scsi_tmf_12] 
[scsi_eh_13] 
[scsi_tmf_13] 
[scsi_eh_14] 
[scsi_tmf_14] 
[scsi_eh_15] 
[scsi_tmf_15] 
[scsi_eh_16] 
[scsi_tmf_16] 
[scsi_eh_17] 
[scsi_tmf_17] 
[scsi_eh_18] 
[scsi_tmf_18]
[scsi_tmf_27] 
[scsi_eh_28] 
[scsi_tmf_28] 
[scsi_eh_29] 
[scsi_tmf_29] 
[scsi_eh_30] 
[scsi_tmf_30] 
[scsi_eh_31] 
[scsi_tmf_31] 
[kworker/u256:28] 
[scsi_eh_32] 
[scsi_tmf_32] 
[ttm_swap] 
[kworker/0:1H] 
[jbd2/sda1-8] 
[ext4-rsv-conver] 
[kauditd] 
/lib/systemd/systemd-journald 
vmware-vmblock-fuse /run/vmblock-fuse -o rw subtype=vmware-vmblock default_permissions allow_other dev suid 
/lib/systemd/systemd-udevd 
/lib/systemd/systemd-timesyncd 
[kworker/u257:0] 
[hci0] 
[hci0] 
[kworker/u257:2] 
avahi-daemon: running [ubuntu-2.local] 
/usr/bin/dbus-daemon --system --address=systemd: --nofork --nopidfile --systemd-activation 
avahi-daemon: chroot helper 
/usr/sbin/rsyslogd -n 
/usr/lib/bluetooth/bluetoothd 
/sbin/cgmanager -m name=systemd 
/usr/bin/vmtoolsd 
/usr/sbin/cron -f 
/usr/lib/accountsservice/accounts-daemon 
/lib/systemd/systemd-logind 
/usr/sbin/cupsd -l 
/usr/sbin/cups-browsed 
/usr/bin/whoopsie -f 
/usr/sbin/thermald --no-daemon --dbus-enable 
/usr/sbin/ModemManager 
/usr/sbin/NetworkManager --no-daemon 
/sbin/agetty --noclear tty1 linux 
/usr/lib/policykit-1/polkitd --no-debug 
/usr/sbin/sshd -D 
/usr/lib/cups/notifier/dbus dbus:// 
/usr/lib/cups/notifier/dbus dbus:// 
/usr/lib/cups/notifier/dbus dbus:// 
/usr/lib/cups/notifier/dbus dbus:// 
/usr/lib/cups/notifier/dbus dbus:// 
/usr/lib/cups/notifier/dbus dbus:// 
/sbin/wpa_supplicant -u -s -O /run/wpa_supplicant 
/usr/sbin/dnsmasq --no-resolv --keep-in-foreground --no-hosts --bind-interfaces --pid-file=/run/sendsigs.omit.d/network-manager.dnsmasq.pid --listen-address=127.0.1.1 --conf-file=/var/run/NetworkManager/dnsmasq.conf --cache-size=0 --proxy-dnssec --enable-dbus=org.freedesktop.NetworkManager.dnsmasq --conf-dir=/etc/NetworkManager/dnsmasq.d 
/usr/sbin/kerneloops 
/usr/sbin/lightdm 
/usr/bin/X -core :0 -seat seat0 -auth /var/run/lightdm/root/:0 -nolisten tcp vt7 -novtswitch 
lightdm --session-child 12 19 
/usr/lib/rtkit/rtkit-daemon 
[krfcommd] 
/usr/lib/upower/upowerd 
/usr/lib/colord/colord 
/lib/systemd/systemd --user 
(sd-pam) 
/usr/bin/gnome-keyring-daemon --daemonize --login 
/sbin/upstart --user 
dbus-daemon --fork --session --address=unix:abstract=/tmp/dbus-MYmazbqle7 
/usr/lib/x86_64-linux-gnu/hud/window-stack-bridge 
upstart-udev-bridge --daemon --user 
/usr/bin/ibus-daemon --daemonize --xim 
/usr/lib/x86_64-linux-gnu/hud/hud-service 
/usr/lib/unity-settings-daemon/unity-settings-daemon 
upstart-dbus-bridge --daemon --session --user --bus-name session 
upstart-dbus-bridge --daemon --system --user --bus-name system 
/usr/lib/at-spi2-core/at-spi-bus-launcher --launch-immediately 
gnome-session --session=ubuntu 
upstart-file-bridge --daemon --user 
/usr/lib/unity/unity-panel-service 
/usr/bin/dbus-daemon --config-file=/etc/at-spi2/accessibility.conf --nofork --print-address 3 
/usr/lib/at-spi2-core/at-spi2-registryd --use-gnome-session 
compiz 
/usr/lib/gvfs/gvfsd 
/usr/lib/gvfs/gvfsd-fuse /run/user/1000/gvfs -f -o big_writes 
/usr/lib/ibus/ibus-dconf 
/usr/lib/ibus/ibus-ui-gtk3 
/usr/lib/ibus/ibus-x11 --kill-daemon 
/usr/lib/x86_64-linux-gnu/bamf/bamfdaemon 
/usr/lib/ibus/ibus-engine-simple 
/usr/lib/dconf/dconf-service 
/usr/bin/pulseaudio --start --log-target=syslog 
/usr/lib/x86_64-linux-gnu/indicator-messages/indicator-messages-service 
/usr/lib/x86_64-linux-gnu/indicator-bluetooth/indicator-bluetooth-service 
/usr/lib/x86_64-linux-gnu/indicator-power/indicator-power-service 
/usr/lib/x86_64-linux-gnu/indicator-datetime/indicator-datetime-service 
/usr/lib/x86_64-linux-gnu/indicator-keyboard/indicator-keyboard-service --use-gtk 
/usr/lib/x86_64-linux-gnu/indicator-sound/indicator-sound-service 
/usr/lib/x86_64-linux-gnu/indicator-printers/indicator-printers-service 
/usr/lib/x86_64-linux-gnu/indicator-session/indicator-session-service 
/usr/lib/x86_64-linux-gnu/indicator-application/indicator-application-service 
/usr/lib/evolution/evolution-source-registry 
nautilus -n 
/usr/lib/policykit-1-gnome/polkit-gnome-authentication-agent-1 
nm-applet 
/usr/bin/vmtoolsd -n vmusr --blockFd 3 
/usr/lib/unity-settings-daemon/unity-fallback-mount-helper 
/usr/lib/x86_64-linux-gnu/gconf/gconfd-2 
/usr/lib/gvfs/gvfs-udisks2-volume-monitor 
/usr/lib/udisks2/udisksd --no-debug 
/usr/lib/gvfs/gvfs-afc-volume-monitor 
/usr/lib/gvfs/gvfs-gphoto2-volume-monitor 
/usr/lib/gvfs/gvfs-mtp-volume-monitor 
/usr/lib/evolution/evolution-calendar-factory 
/usr/lib/gvfs/gvfsd-burn --spawner :1.7 /org/gtk/gvfs/exec_spaw/0 
/usr/lib/gvfs/gvfsd-trash --spawner :1.7 /org/gtk/gvfs/exec_spaw/1 
/usr/lib/gvfs/gvfsd-metadata 
/usr/lib/evolution/evolution-calendar-factory-subprocess --factory contacts --bus-name org.gnome.evolution.dataserver.Subprocess.Backend.Calendarx1748x2 --own-path /org/gnome/evolution/dataserver/Subprocess/Backend/Calendar/1748/2 
/usr/lib/evolution/evolution-calendar-factory-subprocess --factory local --bus-name org.gnome.evolution.dataserver.Subprocess.Backend.Calendarx1748x3 --own-path /org/gnome/evolution/dataserver/Subprocess/Backend/Calendar/1748/3 
/usr/lib/evolution/evolution-addressbook-factory 
telepathy-indicator 
/usr/lib/evolution/evolution-addressbook-factory-subprocess --factory local --bus-name org.gnome.evolution.dataserver.Subprocess.Backend.AddressBookx1811x2 --own-path /org/gnome/evolution/dataserver/Subprocess/Backend/AddressBook/1811/2 
/usr/lib/telepathy/mission-control-5 
zeitgeist-datahub 
/usr/bin/zeitgeist-daemon 
/usr/lib/x86_64-linux-gnu/zeitgeist-fts 
update-notifier 
/usr/lib/x86_64-linux-gnu/deja-dup/deja-dup-monitor 
/usr/lib/gnome-terminal/gnome-terminal-server 
gnome-pty-helper 
bash 
/usr/lib/unity/unity-panel-service --lockscreen-mode 
[kworker/0:0] 
[kworker/0:1] 
[kworker/u256:0] 
/usr/lib/x86_64-linux-gnu/notify-osd 
/sbin/dhclient -d -q -sf /usr/lib/NetworkManager/nm-dhcp-helper -pf /run/sendsigs.omit.d/network-manager.dhclient-eno16777736.pid -lf /var/lib/NetworkManager/dhclient-028ca4b8-b308-4095-9232-d5acf5cabb3c-eno16777736.lease -cf /var/lib/NetworkManager/dhclient-eno16777736.conf eno16777736 
[kworker/0:2] 
sshd: navalk [priv] 
sshd: navalk@pts/12 
-bash 
ps -aux 
/sbin/init 
[kworker/u16:31] 
upstart-udev-bridge --daemon 
/lib/systemd/systemd-udevd --daemon 
dbus-daemon --system --fork 
/usr/sbin/bluetoothd 
rsyslogd 
avahi-daemon: running [ubuntu.local] 
[kworker/u17:0] 
[kworker/u17:2] 
upstart-file-bridge --daemon 
NetworkManager 
upstart-socket-bridge --daemon 
/sbin/getty -8 38400 tty4 
/sbin/getty -8 38400 tty5 
thermald --no-daemon --dbus-enable 
/sbin/getty -8 38400 tty2 
/sbin/getty -8 38400 tty3 
/sbin/getty -8 38400 tty6 
cron 
acpid -c /etc/acpi/events -s /var/run/acpid.socket 
whoopsie 
/sbin/getty -8 38400 tty1 
lightdm 
/usr/sbin/cupsd -f 
init --user 
dbus-daemon --fork --session --address=unix:abstract=/tmp/dbus-H7tYstcbEM 
upstart-event-bridge 
/usr/lib/i386-linux-gnu/hud/window-stack-bridge 
/usr/lib/i386-linux-gnu/hud/hud-service 
/usr/lib/at-spi2-core/at-spi-bus-launcher 
/bin/dbus-daemon --config-file=/etc/at-spi2/accessibility.conf --nofork --print-address 3 
/usr/lib/i386-linux-gnu/bamf/bamfdaemon 
/usr/lib/i386-linux-gnu/indicator-keyboard-service --use-gtk 
/usr/lib/i386-linux-gnu/indicator-messages/indicator-messages-service 
/usr/lib/i386-linux-gnu/indicator-bluetooth/indicator-bluetooth-service 
/usr/lib/i386-linux-gnu/indicator-power/indicator-power-service 
/usr/lib/i386-linux-gnu/indicator-datetime/indicator-datetime-service 
/usr/lib/i386-linux-gnu/indicator-sound/indicator-sound-service 
/usr/lib/i386-linux-gnu/indicator-printers/indicator-printers-service 
/usr/lib/i386-linux-gnu/indicator-session/indicator-session-service 
/usr/lib/i386-linux-gnu/indicator-application/indicator-application-service 
/usr/lib/i386-linux-gnu/notify-osd 
/usr/bin/vmtoolsd -n vmusr 
/usr/lib/i386-linux-gnu/gconf/gconfd-2 
/usr/lib/gvfs/gvfsd-burn --spawner :1.9 /org/gtk/gvfs/exec_spaw/0 
/usr/lib/gvfs/gvfsd-trash --spawner :1.9 /org/gtk/gvfs/exec_spaw/1 
/usr/lib/i386-linux-gnu/zeitgeist-fts 
/bin/cat 
/usr/lib/i386-linux-gnu/deja-dup/deja-dup-monitor 
gnome-terminal
[scsi_tmf_18] 
[scsi_eh_19] 
[scsi_tmf_19] 
[scsi_eh_20] 
[scsi_tmf_20] 
[scsi_eh_21] 
[scsi_tmf_21] 
[scsi_eh_22] 
[scsi_tmf_22] 
[scsi_eh_23] 
[scsi_tmf_23] 
[scsi_eh_24] 
[scsi_tmf_24] 
[scsi_eh_25] 
[scsi_tmf_25] 
[scsi_eh_26] 
[scsi_tmf_26] 
[scsi_eh_27] 
[scsi_tmf_18] 
gnome-terminal 
[kworker/u16:0] 
/sbin/dhclient -d -sf /usr/lib/NetworkManager/nm-dhcp-client.action -pf /run/sendsigs.omit.d/network-manager.dhclient-eth0.pid -lf /var/lib/NetworkManager/dhclient-1061a18f-2f3b-4a20-b287-c3410ac9d643-eth0.lease -cf /var/lib/NetworkManager/dhclient-eth0.conf eth0 
sshd: naval [priv] 
sshd: naval@pts/23 
